<?xml version="1.0" encoding="UTF-8"?>
<testsuite time="134.24573874473572" tests='3' skipped='0'
name="Test_Upload_Csv_Sms_Shortlinks" failures='1' errors='0'><testcase time="41.040356159210205" name="Upload_Csv_File_Invalid_(Error)" status="passed"
         classname="Test_Upload_Csv_Sms_Shortlinks" >
            <system-out>
            <![CDATA[
            @scenario.begin
                @Test_Upload_Csv_SMS_Shortlinks_1   @Test_Upload_Csv_SMS_Shortlinks
                scenario: Upload CSV file invalid (error)
                given I am on the content creation page &#34;Shortlink&#34; in &#34;SMS&#34; ... passed in 33.65s 
e                when I am not upload csv file ... passed in 2.018s 
                when I click on the &#34;next&#34; button to continue ... passed in 3.287s 
                then I see the error message &#34;You need to load a .CSV or Excel File&#34; in &#34;(//div[@class=&#39;ant-notification-notice-description&#39;])[1]&#34; ... passed in 2.082s 
@scenario.end
            ----------------------------------------------------------------------------------------------------
            ]]>
            </system-out>
        </testcase><testcase time="42.5180766582489" name="Unselect_Mobilenumber_(Error)" status="failed"
         classname="Test_Upload_Csv_Sms_Shortlinks" >
            <failure message="'global_functions' object has no attribute 'evidence_path'" type="AssertionError">
                    <![CDATA[ Failing step: then I see the error message "You need to select which column in the file contains the phone number" in "(//div[@class='ant-notification-notice-description'])[1]" ... failed in 2.078s  Location:2
                        {'step_type': 'then', 'name': 'I see the error message "You need to select which column in the file contains the phone number" in "(//div[@class=\'ant-notification-notice-description\'])[1]"', 'text': 'None', 'status': 'failed', 'duration': 2.077573776245117, 'error_msg': "'global_functions' object has no attribute 'evidence_path'", 'error_lines': ['  File "/usr/local/lib/python3.8/dist-packages/behave/model.py", line 1329, in run\n    match.run(runner.context)\n', '  File "/usr/local/lib/python3.8/dist-packages/behave/matchers.py", line 98, in run\n    self.func(context, *args, **kwargs)\n', '  File "/home/fpalencia/Automations/mientorno/test-pruebas-automatizadas/Project/tests/steps/test_common_step.py", line 20, in test_step_impl\n    context.common_instance.error_message_matches(expected_message, xpath)\n', '  File "/home/fpalencia/Automations/mientorno/test-pruebas-automatizadas/Project/tests/pages/common_page.py", line 37, in error_message_matches\n    self.global_function.attach_screenshot_to_report()\n', '  File "/home/fpalencia/Automations/mientorno/test-pruebas-automatizadas/Project/tests/pages/global_functions.py", line 184, in attach_screenshot_to_report\n    screenshot_path = os.path.join(self.evidence_path, f"{name}.png")\n'], 'hash': 85040021, 'index': 2}
                    ]]>
                </failure><system-out>
            <![CDATA[
            @scenario.begin
                @Test_Upload_Csv_SMS_Shortlinks_2   @Test_Upload_Csv_SMS_Shortlinks
                scenario: Unselect MobileNumber (error)
                given I am on the content creation page &#34;Shortlink&#34; in &#34;SMS&#34; ... passed in 32.96s 
e                when I upload a valid CSV file with phone numbers ... passed in 4.172s 
                when I click on the &#34;next&#34; button to continue ... passed in 3.31s 
                then I see the error message &#34;You need to select which column in the file contains the phone number&#34; in &#34;(//div[@class=&#39;ant-notification-notice-description&#39;])[1]&#34; ... failed in 2.078s 
                then I click on the &#34;remove file&#34; button ... skipped in 0.0s 
@scenario.end
            ----------------------------------------------------------------------------------------------------
            ]]>
            </system-out>
        </testcase><testcase time="50.68730592727661" name="Upload_Csv_File" status="passed"
         classname="Test_Upload_Csv_Sms_Shortlinks" >
            <system-out>
            <![CDATA[
            @scenario.begin
                @Test_Upload_Csv_SMS_Shortlinks_3   @Test_Upload_Csv_SMS_Shortlinks
                scenario: Upload CSV file
                given I am on the content creation page &#34;Shortlink&#34; in &#34;SMS&#34; ... passed in 32.51s 
e                when I upload a valid CSV file with phone numbers ... passed in 4.143s 
                when I select the &#34;MobileNumber&#34; column from the CSV file ... passed in 2.683s 
                when I select the wildcards to use ... passed in 5.943s 
                when I click on the &#34;next&#34; button to continue ... passed in 3.39s 
                then I am redirected to the message content page ... passed in 2.018s 
@scenario.end
            ----------------------------------------------------------------------------------------------------
            ]]>
            </system-out>
        </testcase></testsuite>